# JRE version: OpenJDK Runtime Environment (11.0.10) (build 11.0.10+0-b96-7249189)
# Java VM: OpenJDK 64-Bit Server VM (11.0.10+0-b96-7249189, mixed mode, tiered, compressed oops, g1 gc, windows-amd64)
Heap:
 garbage-first heap   total 262144K, used 145817K [0x00000000a0000000, 0x0000000100000000)
  region size 1024K, 125 young (128000K), 18 survivors (18432K)
 Metaspace       used 54421K, capacity 55741K, committed 55808K, reserved 1097728K
  class space    used 6898K, capacity 7393K, committed 7424K, reserved 1048576K
GC Heap History (16 events):
Event: 1.536 GC heap before
{Heap before GC invocations=0 (full 0):
 garbage-first heap   total 262144K, used 19456K [0x00000000a0000000, 0x0000000100000000)
  region size 1024K, 14 young (14336K), 0 survivors (0K)
 Metaspace       used 7498K, capacity 7727K, committed 7936K, reserved 1056768K
  class space    used 690K, capacity 748K, committed 768K, reserved 1048576K
}
Event: 1.556 GC heap after
{Heap after GC invocations=1 (full 0):
 garbage-first heap   total 262144K, used 7971K [0x00000000a0000000, 0x0000000100000000)
  region size 1024K, 2 young (2048K), 2 survivors (2048K)
 Metaspace       used 7498K, capacity 7727K, committed 7936K, reserved 1056768K
  class space    used 690K, capacity 748K, committed 768K, reserved 1048576K
}
Event: 2.326 GC heap before
{Heap before GC invocations=1 (full 0):
 garbage-first heap   total 262144K, used 19235K [0x00000000a0000000, 0x0000000100000000)
  region size 1024K, 13 young (13312K), 2 survivors (2048K)
 Metaspace       used 10458K, capacity 10628K, committed 10752K, reserved 1058816K
  class space    used 1100K, capacity 1164K, committed 1280K, reserved 1048576K
}
Event: 2.329 GC heap after
{Heap after GC invocations=2 (full 0):
 garbage-first heap   total 262144K, used 8639K [0x00000000a0000000, 0x0000000100000000)
  region size 1024K, 1 young (1024K), 1 survivors (1024K)
 Metaspace       used 10458K, capacity 10628K, committed 10752K, reserved 1058816K
  class space    used 1100K, capacity 1164K, committed 1280K, reserved 1048576K
}
Event: 3.009 GC heap before
{Heap before GC invocations=2 (full 0):
 garbage-first heap   total 262144K, used 36287K [0x00000000a0000000, 0x0000000100000000)
  region size 1024K, 28 young (28672K), 1 survivors (1024K)
 Metaspace       used 10641K, capacity 10821K, committed 11008K, reserved 1058816K
  class space    used 1101K, capacity 1164K, committed 1280K, reserved 1048576K
}
Event: 3.013 GC heap after
{Heap after GC invocations=3 (full 0):
 garbage-first heap   total 262144K, used 12774K [0x00000000a0000000, 0x0000000100000000)
  region size 1024K, 4 young (4096K), 4 survivors (4096K)
 Metaspace       used 10641K, capacity 10821K, committed 11008K, reserved 1058816K
  class space    used 1101K, capacity 1164K, committed 1280K, reserved 1048576K
}
Event: 5.928 GC heap before
{Heap before GC invocations=3 (full 0):
 garbage-first heap   total 262144K, used 52710K [0x00000000a0000000, 0x0000000100000000)
  region size 1024K, 43 young (44032K), 4 survivors (4096K)
 Metaspace       used 18236K, capacity 18575K, committed 18816K, reserved 1064960K
  class space    used 2180K, capacity 2307K, committed 2432K, reserved 1048576K
}
Event: 5.938 GC heap after
{Heap after GC invocations=4 (full 0):
 garbage-first heap   total 262144K, used 15582K [0x00000000a0000000, 0x0000000100000000)
  region size 1024K, 3 young (3072K), 3 survivors (3072K)
 Metaspace       used 18236K, capacity 18575K, committed 18816K, reserved 1064960K
  class space    used 2180K, capacity 2307K, committed 2432K, reserved 1048576K
}
Event: 6.573 GC heap before
{Heap before GC invocations=4 (full 0):
 garbage-first heap   total 262144K, used 31966K [0x00000000a0000000, 0x0000000100000000)
  region size 1024K, 20 young (20480K), 3 survivors (3072K)
 Metaspace       used 20672K, capacity 21117K, committed 21248K, reserved 1067008K
  class space    used 2535K, capacity 2691K, committed 2816K, reserved 1048576K
}
Event: 6.581 GC heap after
{Heap after GC invocations=5 (full 0):
 garbage-first heap   total 262144K, used 16066K [0x00000000a0000000, 0x0000000100000000)
  region size 1024K, 4 young (4096K), 4 survivors (4096K)
 Metaspace       used 20672K, capacity 21117K, committed 21248K, reserved 1067008K
  class space    used 2535K, capacity 2691K, committed 2816K, reserved 1048576K
}
Event: 7.885 GC heap before
{Heap before GC invocations=6 (full 0):
 garbage-first heap   total 262144K, used 71362K [0x00000000a0000000, 0x0000000100000000)
  region size 1024K, 58 young (59392K), 4 survivors (4096K)
 Metaspace       used 26393K, capacity 26901K, committed 27008K, reserved 1073152K
  class space    used 3447K, capacity 3667K, committed 3712K, reserved 1048576K
}
Event: 7.897 GC heap after
{Heap after GC invocations=7 (full 0):
 garbage-first heap   total 262144K, used 18089K [0x00000000a0000000, 0x0000000100000000)
  region size 1024K, 6 young (6144K), 6 survivors (6144K)
 Metaspace       used 26393K, capacity 26901K, committed 27008K, reserved 1073152K
  class space    used 3447K, capacity 3667K, committed 3712K, reserved 1048576K
}
Event: 10.023 GC heap before
{Heap before GC invocations=7 (full 0):
 garbage-first heap   total 262144K, used 69289K [0x00000000a0000000, 0x0000000100000000)
  region size 1024K, 54 young (55296K), 6 survivors (6144K)
 Metaspace       used 35088K, capacity 35723K, committed 35840K, reserved 1081344K
  class space    used 4513K, capacity 4775K, committed 4864K, reserved 1048576K
}
Event: 10.040 GC heap after
{Heap after GC invocations=8 (full 0):
 garbage-first heap   total 262144K, used 23596K [0x00000000a0000000, 0x0000000100000000)
  region size 1024K, 9 young (9216K), 9 survivors (9216K)
 Metaspace       used 35088K, capacity 35723K, committed 35840K, reserved 1081344K
  class space    used 4513K, capacity 4775K, committed 4864K, reserved 1048576K
}
Event: 14.655 GC heap before
{Heap before GC invocations=9 (full 0):
 garbage-first heap   total 262144K, used 157740K [0x00000000a0000000, 0x0000000100000000)
  region size 1024K, 140 young (143360K), 9 survivors (9216K)
 Metaspace       used 44350K, capacity 45378K, committed 45568K, reserved 1089536K
  class space    used 5662K, capacity 6021K, committed 6144K, reserved 1048576K
}
Event: 14.707 GC heap after
{Heap after GC invocations=10 (full 0):
 garbage-first heap   total 262144K, used 31129K [0x00000000a0000000, 0x0000000100000000)
  region size 1024K, 18 young (18432K), 18 survivors (18432K)
 Metaspace       used 44350K, capacity 45378K, committed 45568K, reserved 1089536K
  class space    used 5662K, capacity 6021K, committed 6144K, reserved 1048576K
}

